[
  {
    "line": 1,
    "elements": [
      {
        "line": 3,
        "name": "login without username and password",
        "description": "",
        "id": "github-login;login-without-username-and-password",
        "type": "scenario",
        "keyword": "Scenario",
        "steps": [
          {
            "result": {
              "duration": 29772171099,
              "status": "passed"
            },
            "line": 4,
            "name": "user is on github homepage",
            "match": {
              "location": "GithubLoginSD.user_is_on_github_homepage()"
            },
            "keyword": "Given "
          },
          {
            "result": {
              "duration": 1322609739,
              "status": "passed"
            },
            "line": 5,
            "name": "user clicks on Sign in button",
            "match": {
              "location": "GithubLoginSD.user_clicks_on_Sign_in_button()"
            },
            "keyword": "When "
          },
          {
            "result": {
              "duration": 365553260,
              "status": "passed"
            },
            "line": 6,
            "name": "user is displayed login screen",
            "match": {
              "location": "GithubLoginSD.user_is_displayed_login_screen()"
            },
            "keyword": "Then "
          }
        ]
      },
      {
        "line": 8,
        "name": "login username and password data through selenium webdriver",
        "description": "",
        "id": "github-login;login-username-and-password-data-through-selenium-webdriver",
        "type": "scenario",
        "keyword": "Scenario",
        "steps": [
          {
            "result": {
              "duration": 16958446392,
              "status": "passed"
            },
            "line": 9,
            "name": "user is on github homepage",
            "match": {
              "location": "GithubLoginSD.user_is_on_github_homepage()"
            },
            "keyword": "Given "
          },
          {
            "result": {
              "duration": 1459130173,
              "status": "passed"
            },
            "line": 10,
            "name": "user clicks on Sign in button",
            "match": {
              "location": "GithubLoginSD.user_clicks_on_Sign_in_button()"
            },
            "keyword": "When "
          },
          {
            "result": {
              "duration": 62746247,
              "status": "passed"
            },
            "line": 11,
            "name": "user is displayed login screen1",
            "match": {
              "location": "GithubLoginSD.user_is_displayed_login_screen1()"
            },
            "keyword": "Then "
          },
          {
            "result": {
              "duration": 2728520645,
              "status": "passed"
            },
            "line": 12,
            "name": "user entered logon credentials",
            "match": {
              "location": "GithubLoginSD.user_entered_logon_credentials()"
            },
            "keyword": "When "
          },
          {
            "result": {
              "error_message": "org.openqa.selenium.TimeoutException: Expected condition failed: waiting for presence of element located by: By.linkText: Start a project (tried for 15 second(s) with 500 MILLISECONDS interval)\n\tat org.openqa.selenium.support.ui.WebDriverWait.timeoutException(WebDriverWait.java:82)\n\tat org.openqa.selenium.support.ui.FluentWait.until(FluentWait.java:231)\n\tat com.cucumber.selenium.SeleniumFunctions.isloginsucess(SeleniumFunctions.java:90)\n\tat com.cucumber.StepDefinitions.GithubLoginSD.user_is_displayed_home_screen(GithubLoginSD.java:51)\n\tat ✽.user is displayed home screen(src/test/java/com/cucumber/features/github_login.feature:13)\nCaused by: org.openqa.selenium.NoSuchElementException: Cannot locate an element using By.linkText: Start a project\nFor documentation on this error, please visit: http://seleniumhq.org/exceptions/no_such_element.html\nBuild info: version: \u00273.8.1\u0027, revision: \u00276e95a6684b\u0027, time: \u00272017-12-01T18:33:54.468Z\u0027\nSystem info: host: \u0027baskaran-Aspire-4736\u0027, ip: \u0027127.0.1.1\u0027, os.name: \u0027Linux\u0027, os.arch: \u0027i386\u0027, os.version: \u00273.13.0-37-generic\u0027, java.version: \u00271.8.0_151\u0027\nDriver info: driver.version: unknown\n\tat org.openqa.selenium.support.ui.ExpectedConditions.lambda$findElement$0(ExpectedConditions.java:882)\n\tat java.util.Optional.orElseThrow(Optional.java:290)\n\tat org.openqa.selenium.support.ui.ExpectedConditions.findElement(ExpectedConditions.java:881)\n\tat org.openqa.selenium.support.ui.ExpectedConditions.access$000(ExpectedConditions.java:43)\n\tat org.openqa.selenium.support.ui.ExpectedConditions$6.apply(ExpectedConditions.java:182)\n\tat org.openqa.selenium.support.ui.ExpectedConditions$6.apply(ExpectedConditions.java:179)\n\tat org.openqa.selenium.support.ui.FluentWait.until(FluentWait.java:208)\n\tat com.cucumber.selenium.SeleniumFunctions.isloginsucess(SeleniumFunctions.java:90)\n\tat com.cucumber.StepDefinitions.GithubLoginSD.user_is_displayed_home_screen(GithubLoginSD.java:51)\n\tat sun.reflect.NativeMethodAccessorImpl.invoke0(Native Method)\n\tat sun.reflect.NativeMethodAccessorImpl.invoke(NativeMethodAccessorImpl.java:62)\n\tat sun.reflect.DelegatingMethodAccessorImpl.invoke(DelegatingMethodAccessorImpl.java:43)\n\tat java.lang.reflect.Method.invoke(Method.java:498)\n\tat cucumber.runtime.Utils$1.call(Utils.java:32)\n\tat cucumber.runtime.Timeout.timeout(Timeout.java:16)\n\tat cucumber.runtime.Utils.invoke(Utils.java:26)\n\tat cucumber.runtime.java.JavaStepDefinition.execute(JavaStepDefinition.java:37)\n\tat cucumber.runtime.StepDefinitionMatch.runStep(StepDefinitionMatch.java:40)\n\tat cucumber.api.TestStep.executeStep(TestStep.java:102)\n\tat cucumber.api.TestStep.run(TestStep.java:83)\n\tat cucumber.api.TestCase.run(TestCase.java:58)\n\tat cucumber.runner.Runner.runPickle(Runner.java:80)\n\tat cucumber.runtime.junit.PickleRunners$NoStepDescriptions.run(PickleRunners.java:140)\n\tat cucumber.runtime.junit.FeatureRunner.runChild(FeatureRunner.java:68)\n\tat cucumber.runtime.junit.FeatureRunner.runChild(FeatureRunner.java:23)\n\tat org.junit.runners.ParentRunner$3.run(ParentRunner.java:290)\n\tat org.junit.runners.ParentRunner$1.schedule(ParentRunner.java:71)\n\tat org.junit.runners.ParentRunner.runChildren(ParentRunner.java:288)\n\tat org.junit.runners.ParentRunner.access$000(ParentRunner.java:58)\n\tat org.junit.runners.ParentRunner$2.evaluate(ParentRunner.java:268)\n\tat org.junit.runners.ParentRunner.run(ParentRunner.java:363)\n\tat cucumber.runtime.junit.FeatureRunner.run(FeatureRunner.java:73)\n\tat cucumber.api.junit.Cucumber.runChild(Cucumber.java:117)\n\tat cucumber.api.junit.Cucumber.runChild(Cucumber.java:55)\n\tat org.junit.runners.ParentRunner$3.run(ParentRunner.java:290)\n\tat org.junit.runners.ParentRunner$1.schedule(ParentRunner.java:71)\n\tat org.junit.runners.ParentRunner.runChildren(ParentRunner.java:288)\n\tat org.junit.runners.ParentRunner.access$000(ParentRunner.java:58)\n\tat org.junit.runners.ParentRunner$2.evaluate(ParentRunner.java:268)\n\tat cucumber.api.junit.Cucumber$1.evaluate(Cucumber.java:126)\n\tat org.junit.runners.ParentRunner.run(ParentRunner.java:363)\n\tat org.apache.maven.surefire.junit4.JUnit4Provider.execute(JUnit4Provider.java:369)\n\tat org.apache.maven.surefire.junit4.JUnit4Provider.executeWithRerun(JUnit4Provider.java:275)\n\tat org.apache.maven.surefire.junit4.JUnit4Provider.executeTestSet(JUnit4Provider.java:239)\n\tat org.apache.maven.surefire.junit4.JUnit4Provider.invoke(JUnit4Provider.java:160)\n\tat org.apache.maven.surefire.booter.ForkedBooter.invokeProviderInSameClassLoader(ForkedBooter.java:373)\n\tat org.apache.maven.surefire.booter.ForkedBooter.runSuitesInProcess(ForkedBooter.java:334)\n\tat org.apache.maven.surefire.booter.ForkedBooter.execute(ForkedBooter.java:119)\n\tat org.apache.maven.surefire.booter.ForkedBooter.main(ForkedBooter.java:407)\n",
              "duration": 15045752187,
              "status": "failed"
            },
            "line": 13,
            "name": "user is displayed home screen",
            "match": {
              "location": "GithubLoginSD.user_is_displayed_home_screen()"
            },
            "keyword": "Then "
          }
        ]
      },
      {
        "line": 15,
        "name": "login username and password data through excel",
        "description": "",
        "id": "github-login;login-username-and-password-data-through-excel",
        "type": "scenario",
        "keyword": "Scenario",
        "steps": [
          {
            "result": {
              "duration": 18249795522,
              "status": "passed"
            },
            "line": 16,
            "name": "user is on github homepage",
            "match": {
              "location": "GithubLoginSD.user_is_on_github_homepage()"
            },
            "keyword": "Given "
          },
          {
            "result": {
              "duration": 1377653402,
              "status": "passed"
            },
            "line": 17,
            "name": "user clicks on Sign in button",
            "match": {
              "location": "GithubLoginSD.user_clicks_on_Sign_in_button()"
            },
            "keyword": "When "
          },
          {
            "result": {
              "duration": 45822238,
              "status": "passed"
            },
            "line": 18,
            "name": "user is displayed login screen1",
            "match": {
              "location": "GithubLoginSD.user_is_displayed_login_screen1()"
            },
            "keyword": "Then "
          },
          {
            "result": {
              "duration": 4055277211,
              "status": "passed"
            },
            "line": 19,
            "name": "user entered logon credentials using excel",
            "match": {
              "location": "GithubLoginSD.user_entered_logon_credentials_using_excel()"
            },
            "keyword": "When "
          },
          {
            "result": {
              "error_message": "org.openqa.selenium.TimeoutException: Expected condition failed: waiting for presence of element located by: By.linkText: Start a project (tried for 15 second(s) with 500 MILLISECONDS interval)\n\tat org.openqa.selenium.support.ui.WebDriverWait.timeoutException(WebDriverWait.java:82)\n\tat org.openqa.selenium.support.ui.FluentWait.until(FluentWait.java:231)\n\tat com.cucumber.selenium.SeleniumFunctions.isloginsucess(SeleniumFunctions.java:90)\n\tat com.cucumber.StepDefinitions.GithubLoginSD.user_is_displayed_home_screen(GithubLoginSD.java:51)\n\tat ✽.user is displayed home screen(src/test/java/com/cucumber/features/github_login.feature:20)\nCaused by: org.openqa.selenium.NoSuchElementException: Cannot locate an element using By.linkText: Start a project\nFor documentation on this error, please visit: http://seleniumhq.org/exceptions/no_such_element.html\nBuild info: version: \u00273.8.1\u0027, revision: \u00276e95a6684b\u0027, time: \u00272017-12-01T18:33:54.468Z\u0027\nSystem info: host: \u0027baskaran-Aspire-4736\u0027, ip: \u0027127.0.1.1\u0027, os.name: \u0027Linux\u0027, os.arch: \u0027i386\u0027, os.version: \u00273.13.0-37-generic\u0027, java.version: \u00271.8.0_151\u0027\nDriver info: driver.version: unknown\n\tat org.openqa.selenium.support.ui.ExpectedConditions.lambda$findElement$0(ExpectedConditions.java:882)\n\tat java.util.Optional.orElseThrow(Optional.java:290)\n\tat org.openqa.selenium.support.ui.ExpectedConditions.findElement(ExpectedConditions.java:881)\n\tat org.openqa.selenium.support.ui.ExpectedConditions.access$000(ExpectedConditions.java:43)\n\tat org.openqa.selenium.support.ui.ExpectedConditions$6.apply(ExpectedConditions.java:182)\n\tat org.openqa.selenium.support.ui.ExpectedConditions$6.apply(ExpectedConditions.java:179)\n\tat org.openqa.selenium.support.ui.FluentWait.until(FluentWait.java:208)\n\tat com.cucumber.selenium.SeleniumFunctions.isloginsucess(SeleniumFunctions.java:90)\n\tat com.cucumber.StepDefinitions.GithubLoginSD.user_is_displayed_home_screen(GithubLoginSD.java:51)\n\tat sun.reflect.NativeMethodAccessorImpl.invoke0(Native Method)\n\tat sun.reflect.NativeMethodAccessorImpl.invoke(NativeMethodAccessorImpl.java:62)\n\tat sun.reflect.DelegatingMethodAccessorImpl.invoke(DelegatingMethodAccessorImpl.java:43)\n\tat java.lang.reflect.Method.invoke(Method.java:498)\n\tat cucumber.runtime.Utils$1.call(Utils.java:32)\n\tat cucumber.runtime.Timeout.timeout(Timeout.java:16)\n\tat cucumber.runtime.Utils.invoke(Utils.java:26)\n\tat cucumber.runtime.java.JavaStepDefinition.execute(JavaStepDefinition.java:37)\n\tat cucumber.runtime.StepDefinitionMatch.runStep(StepDefinitionMatch.java:40)\n\tat cucumber.api.TestStep.executeStep(TestStep.java:102)\n\tat cucumber.api.TestStep.run(TestStep.java:83)\n\tat cucumber.api.TestCase.run(TestCase.java:58)\n\tat cucumber.runner.Runner.runPickle(Runner.java:80)\n\tat cucumber.runtime.junit.PickleRunners$NoStepDescriptions.run(PickleRunners.java:140)\n\tat cucumber.runtime.junit.FeatureRunner.runChild(FeatureRunner.java:68)\n\tat cucumber.runtime.junit.FeatureRunner.runChild(FeatureRunner.java:23)\n\tat org.junit.runners.ParentRunner$3.run(ParentRunner.java:290)\n\tat org.junit.runners.ParentRunner$1.schedule(ParentRunner.java:71)\n\tat org.junit.runners.ParentRunner.runChildren(ParentRunner.java:288)\n\tat org.junit.runners.ParentRunner.access$000(ParentRunner.java:58)\n\tat org.junit.runners.ParentRunner$2.evaluate(ParentRunner.java:268)\n\tat org.junit.runners.ParentRunner.run(ParentRunner.java:363)\n\tat cucumber.runtime.junit.FeatureRunner.run(FeatureRunner.java:73)\n\tat cucumber.api.junit.Cucumber.runChild(Cucumber.java:117)\n\tat cucumber.api.junit.Cucumber.runChild(Cucumber.java:55)\n\tat org.junit.runners.ParentRunner$3.run(ParentRunner.java:290)\n\tat org.junit.runners.ParentRunner$1.schedule(ParentRunner.java:71)\n\tat org.junit.runners.ParentRunner.runChildren(ParentRunner.java:288)\n\tat org.junit.runners.ParentRunner.access$000(ParentRunner.java:58)\n\tat org.junit.runners.ParentRunner$2.evaluate(ParentRunner.java:268)\n\tat cucumber.api.junit.Cucumber$1.evaluate(Cucumber.java:126)\n\tat org.junit.runners.ParentRunner.run(ParentRunner.java:363)\n\tat org.apache.maven.surefire.junit4.JUnit4Provider.execute(JUnit4Provider.java:369)\n\tat org.apache.maven.surefire.junit4.JUnit4Provider.executeWithRerun(JUnit4Provider.java:275)\n\tat org.apache.maven.surefire.junit4.JUnit4Provider.executeTestSet(JUnit4Provider.java:239)\n\tat org.apache.maven.surefire.junit4.JUnit4Provider.invoke(JUnit4Provider.java:160)\n\tat org.apache.maven.surefire.booter.ForkedBooter.invokeProviderInSameClassLoader(ForkedBooter.java:373)\n\tat org.apache.maven.surefire.booter.ForkedBooter.runSuitesInProcess(ForkedBooter.java:334)\n\tat org.apache.maven.surefire.booter.ForkedBooter.execute(ForkedBooter.java:119)\n\tat org.apache.maven.surefire.booter.ForkedBooter.main(ForkedBooter.java:407)\n",
              "duration": 15042618129,
              "status": "failed"
            },
            "line": 20,
            "name": "user is displayed home screen",
            "match": {
              "location": "GithubLoginSD.user_is_displayed_home_screen()"
            },
            "keyword": "Then "
          }
        ]
      }
    ],
    "name": "github login",
    "description": "",
    "id": "github-login",
    "keyword": "Feature",
    "uri": "src/test/java/com/cucumber/features/github_login.feature",
    "tags": []
  }
]