<?xml version="1.0" encoding="UTF-8"?>
<testsuite xmlns:xsi="http://www.w3.org/2001/XMLSchema-instance" xsi:noNamespaceSchemaLocation="https://maven.apache.org/surefire/maven-surefire-plugin/xsd/surefire-test-report.xsd" name="com.cucumber.StepDefinitions.RunCukeTest" time="77.446" tests="3" errors="0" skipped="0" failures="0">
  <properties>
[...]
</properties>
  <testcase name="login without username and password" classname="github login" time="23.526"/>
  <testcase name="login username and password data through selenium webdriver" classname="github login" time="27.025"/>
  <testcase name="login username and password data through excel" classname="github login" time="25.787"/>
</testsuite>